<?xml version="1.0" encoding="UTF-8"?>
<testng-results ignored="0" total="6" passed="6" failed="0" skipped="0">
  <reporter-output>
  </reporter-output>
  <suite started-at="2025-01-25T19:14:13 IST" name="Default suite" finished-at="2025-01-25T19:14:45 IST" duration-ms="32845">
    <groups>
    </groups>
    <test started-at="2025-01-25T19:14:13 IST" name="Default test" finished-at="2025-01-25T19:14:45 IST" duration-ms="32845">
      <class name="AuthTests">
        <test-method is-config="true" signature="setup()[pri:0, instance:AuthTests@7c37508a]" started-at="2025-01-25T19:14:13 IST" name="setup" finished-at="2025-01-25T19:14:17 IST" duration-ms="4143" status="PASS">
          <reporter-output>
          </reporter-output>
        </test-method> <!-- setup -->
        <test-method signature="testSignInFailure()[pri:0, instance:AuthTests@7c37508a]" started-at="2025-01-25T19:14:17 IST" name="testSignInFailure" finished-at="2025-01-25T19:14:20 IST" duration-ms="3687" status="PASS">
          <reporter-output>
          </reporter-output>
        </test-method> <!-- testSignInFailure -->
        <test-method is-config="true" signature="teardown()[pri:0, instance:AuthTests@7c37508a]" started-at="2025-01-25T19:14:20 IST" name="teardown" finished-at="2025-01-25T19:14:21 IST" duration-ms="206" status="PASS">
          <reporter-output>
          </reporter-output>
        </test-method> <!-- teardown -->
        <test-method is-config="true" signature="setup()[pri:0, instance:AuthTests@7c37508a]" started-at="2025-01-25T19:14:21 IST" name="setup" finished-at="2025-01-25T19:14:23 IST" duration-ms="1934" status="PASS">
          <reporter-output>
          </reporter-output>
        </test-method> <!-- setup -->
        <test-method signature="testSignOut()[pri:0, instance:AuthTests@7c37508a]" started-at="2025-01-25T19:14:23 IST" name="testSignOut" finished-at="2025-01-25T19:14:27 IST" duration-ms="4487" status="PASS">
          <reporter-output>
          </reporter-output>
        </test-method> <!-- testSignOut -->
        <test-method is-config="true" signature="teardown()[pri:0, instance:AuthTests@7c37508a]" started-at="2025-01-25T19:14:27 IST" name="teardown" finished-at="2025-01-25T19:14:27 IST" duration-ms="266" status="PASS">
          <reporter-output>
          </reporter-output>
        </test-method> <!-- teardown -->
        <test-method is-config="true" signature="setup()[pri:0, instance:AuthTests@7c37508a]" started-at="2025-01-25T19:14:27 IST" name="setup" finished-at="2025-01-25T19:14:29 IST" duration-ms="1507" status="PASS">
          <reporter-output>
          </reporter-output>
        </test-method> <!-- setup -->
        <test-method signature="testSignUpFailure()[pri:0, instance:AuthTests@7c37508a]" started-at="2025-01-25T19:14:29 IST" name="testSignUpFailure" finished-at="2025-01-25T19:14:31 IST" duration-ms="2176" status="PASS">
          <reporter-output>
          </reporter-output>
        </test-method> <!-- testSignUpFailure -->
        <test-method is-config="true" signature="teardown()[pri:0, instance:AuthTests@7c37508a]" started-at="2025-01-25T19:14:31 IST" name="teardown" finished-at="2025-01-25T19:14:31 IST" duration-ms="269" status="PASS">
          <reporter-output>
          </reporter-output>
        </test-method> <!-- teardown -->
        <test-method is-config="true" signature="setup()[pri:0, instance:AuthTests@7c37508a]" started-at="2025-01-25T19:14:31 IST" name="setup" finished-at="2025-01-25T19:14:33 IST" duration-ms="1966" status="PASS">
          <reporter-output>
          </reporter-output>
        </test-method> <!-- setup -->
        <test-method signature="testSignUpPasswordMismatch()[pri:0, instance:AuthTests@7c37508a]" started-at="2025-01-25T19:14:33 IST" name="testSignUpPasswordMismatch" finished-at="2025-01-25T19:14:35 IST" duration-ms="1520" status="PASS">
          <reporter-output>
          </reporter-output>
        </test-method> <!-- testSignUpPasswordMismatch -->
        <test-method is-config="true" signature="teardown()[pri:0, instance:AuthTests@7c37508a]" started-at="2025-01-25T19:14:35 IST" name="teardown" finished-at="2025-01-25T19:14:35 IST" duration-ms="249" status="PASS">
          <reporter-output>
          </reporter-output>
        </test-method> <!-- teardown -->
        <test-method is-config="true" signature="setup()[pri:0, instance:AuthTests@7c37508a]" started-at="2025-01-25T19:14:35 IST" name="setup" finished-at="2025-01-25T19:14:37 IST" duration-ms="2192" status="PASS">
          <reporter-output>
          </reporter-output>
        </test-method> <!-- setup -->
        <test-method signature="testSignUpPasswordValidation()[pri:0, instance:AuthTests@7c37508a]" started-at="2025-01-25T19:14:37 IST" name="testSignUpPasswordValidation" finished-at="2025-01-25T19:14:39 IST" duration-ms="1996" status="PASS">
          <reporter-output>
          </reporter-output>
        </test-method> <!-- testSignUpPasswordValidation -->
        <test-method is-config="true" signature="teardown()[pri:0, instance:AuthTests@7c37508a]" started-at="2025-01-25T19:14:39 IST" name="teardown" finished-at="2025-01-25T19:14:39 IST" duration-ms="187" status="PASS">
          <reporter-output>
          </reporter-output>
        </test-method> <!-- teardown -->
        <test-method is-config="true" signature="setup()[pri:0, instance:AuthTests@7c37508a]" started-at="2025-01-25T19:14:39 IST" name="setup" finished-at="2025-01-25T19:14:41 IST" duration-ms="1490" status="PASS">
          <reporter-output>
          </reporter-output>
        </test-method> <!-- setup -->
        <test-method signature="testSignUpSuccess()[pri:0, instance:AuthTests@7c37508a]" started-at="2025-01-25T19:14:41 IST" name="testSignUpSuccess" finished-at="2025-01-25T19:14:45 IST" duration-ms="4274" status="PASS">
          <reporter-output>
          </reporter-output>
        </test-method> <!-- testSignUpSuccess -->
        <test-method is-config="true" signature="teardown()[pri:0, instance:AuthTests@7c37508a]" started-at="2025-01-25T19:14:45 IST" name="teardown" finished-at="2025-01-25T19:14:45 IST" duration-ms="206" status="PASS">
          <reporter-output>
          </reporter-output>
        </test-method> <!-- teardown -->
      </class> <!-- AuthTests -->
    </test> <!-- Default test -->
  </suite> <!-- Default suite -->
</testng-results>
