<?xml version="1.0" encoding="UTF-8"?>
<!-- Generated by org.testng.reporters.JUnitXMLReporter -->
<testsuite ignored="0" hostname="Nithya" failures="0" tests="6" name="Default test" time="32.845" errors="0" timestamp="2025-01-25T19:14:45 IST">
  <testcase classname="AuthTests" name="testSignInFailure" time="3.687"/>
  <testcase classname="AuthTests" name="testSignOut" time="4.487"/>
  <testcase classname="AuthTests" name="testSignUpFailure" time="2.176"/>
  <testcase classname="AuthTests" name="testSignUpPasswordMismatch" time="1.52"/>
  <testcase classname="AuthTests" name="testSignUpPasswordValidation" time="1.996"/>
  <testcase classname="AuthTests" name="testSignUpSuccess" time="4.274"/>
</testsuite> <!-- Default test -->
